[2024-11-26 07:26:04] local.ERROR: syntax error, unexpected token "<<" {"exception":"[object] (ParseError(code: 0): syntax error, unexpected token \"<<\" at C:\\xampp\\htdocs\\freeluncer\\app\\Http\\Livewire\\Main\\Auth\\RegisterComponent.php:132)
[stacktrace]
#0 C:\\xampp\\htdocs\\freeluncer\\vendor\\composer\\ClassLoader.php(427): Composer\\Autoload\\{closure}('C:\\\\xampp\\\\htdocs...')
#1 [internal function]: Composer\\Autoload\\ClassLoader->loadClass('App\\\\Http\\\\Livewi...')
#2 C:\\xampp\\htdocs\\freeluncer\\vendor\\laravel\\framework\\src\\Illuminate\\Routing\\RouteAction.php(91): method_exists('App\\\\Http\\\\Livewi...', '__invoke')
#3 C:\\xampp\\htdocs\\freeluncer\\vendor\\laravel\\framework\\src\\Illuminate\\Routing\\RouteAction.php(47): Illuminate\\Routing\\RouteAction::makeInvokable('App\\\\Http\\\\Livewi...')
#4 C:\\xampp\\htdocs\\freeluncer\\vendor\\laravel\\framework\\src\\Illuminate\\Routing\\Route.php(191): Illuminate\\Routing\\RouteAction::parse('auth/register', Array)
#5 C:\\xampp\\htdocs\\freeluncer\\vendor\\laravel\\framework\\src\\Illuminate\\Routing\\Route.php(172): Illuminate\\Routing\\Route->parseAction(Array)
#6 C:\\xampp\\htdocs\\freeluncer\\vendor\\laravel\\framework\\src\\Illuminate\\Routing\\Router.php(661): Illuminate\\Routing\\Route->__construct(Array, 'auth/register', Array)
#7 C:\\xampp\\htdocs\\freeluncer\\vendor\\laravel\\framework\\src\\Illuminate\\Routing\\Router.php(553): Illuminate\\Routing\\Router->newRoute(Array, 'auth/register', Array)
#8 C:\\xampp\\htdocs\\freeluncer\\vendor\\laravel\\framework\\src\\Illuminate\\Routing\\Router.php(533): Illuminate\\Routing\\Router->createRoute(Array, 'register', Array)
#9 C:\\xampp\\htdocs\\freeluncer\\vendor\\laravel\\framework\\src\\Illuminate\\Routing\\Router.php(150): Illuminate\\Routing\\Router->addRoute(Array, 'register', 'RegisterCompone...')
#10 C:\\xampp\\htdocs\\freeluncer\\vendor\\laravel\\framework\\src\\Illuminate\\Support\\Facades\\Facade.php(338): Illuminate\\Routing\\Router->get('register', 'RegisterCompone...')
#11 C:\\xampp\\htdocs\\freeluncer\\routes\\web.php(106): Illuminate\\Support\\Facades\\Facade::__callStatic('get', Array)
#12 C:\\xampp\\htdocs\\freeluncer\\vendor\\laravel\\framework\\src\\Illuminate\\Routing\\Router.php(501): Illuminate\\Routing\\RouteFileRegistrar->{closure}(Object(Illuminate\\Routing\\Router))
#13 C:\\xampp\\htdocs\\freeluncer\\vendor\\laravel\\framework\\src\\Illuminate\\Routing\\Router.php(457): Illuminate\\Routing\\Router->loadRoutes(Object(Closure))
#14 C:\\xampp\\htdocs\\freeluncer\\vendor\\laravel\\framework\\src\\Illuminate\\Routing\\RouteRegistrar.php(192): Illuminate\\Routing\\Router->group(Array, Object(Closure))
#15 C:\\xampp\\htdocs\\freeluncer\\routes\\web.php(103): Illuminate\\Routing\\RouteRegistrar->group(Object(Closure))
#16 C:\\xampp\\htdocs\\freeluncer\\vendor\\laravel\\framework\\src\\Illuminate\\Routing\\Router.php(501): Illuminate\\Routing\\RouteFileRegistrar->{closure}(Object(Illuminate\\Routing\\Router))
#17 C:\\xampp\\htdocs\\freeluncer\\vendor\\laravel\\framework\\src\\Illuminate\\Routing\\Router.php(457): Illuminate\\Routing\\Router->loadRoutes(Object(Closure))
#18 C:\\xampp\\htdocs\\freeluncer\\vendor\\laravel\\framework\\src\\Illuminate\\Routing\\RouteRegistrar.php(192): Illuminate\\Routing\\Router->group(Array, Object(Closure))
#19 C:\\xampp\\htdocs\\freeluncer\\routes\\web.php(30): Illuminate\\Routing\\RouteRegistrar->group(Object(Closure))
#20 C:\\xampp\\htdocs\\freeluncer\\vendor\\laravel\\framework\\src\\Illuminate\\Routing\\RouteFileRegistrar.php(35): require('C:\\\\xampp\\\\htdocs...')
#21 C:\\xampp\\htdocs\\freeluncer\\vendor\\laravel\\framework\\src\\Illuminate\\Routing\\Router.php(503): Illuminate\\Routing\\RouteFileRegistrar->register('C:\\\\xampp\\\\htdocs...')
#22 C:\\xampp\\htdocs\\freeluncer\\vendor\\laravel\\framework\\src\\Illuminate\\Routing\\Router.php(457): Illuminate\\Routing\\Router->loadRoutes('C:\\\\xampp\\\\htdocs...')
#23 C:\\xampp\\htdocs\\freeluncer\\vendor\\laravel\\framework\\src\\Illuminate\\Routing\\RouteRegistrar.php(192): Illuminate\\Routing\\Router->group(Array, 'C:\\\\xampp\\\\htdocs...')
#24 C:\\xampp\\htdocs\\freeluncer\\app\\Providers\\RouteServiceProvider.php(38): Illuminate\\Routing\\RouteRegistrar->group('C:\\\\xampp\\\\htdocs...')
#25 C:\\xampp\\htdocs\\freeluncer\\vendor\\laravel\\framework\\src\\Illuminate\\Container\\BoundMethod.php(36): App\\Providers\\RouteServiceProvider->App\\Providers\\{closure}()
#26 C:\\xampp\\htdocs\\freeluncer\\vendor\\laravel\\framework\\src\\Illuminate\\Container\\Util.php(41): Illuminate\\Container\\BoundMethod::Illuminate\\Container\\{closure}()
#27 C:\\xampp\\htdocs\\freeluncer\\vendor\\laravel\\framework\\src\\Illuminate\\Container\\BoundMethod.php(81): Illuminate\\Container\\Util::unwrapIfClosure(Object(Closure))
#28 C:\\xampp\\htdocs\\freeluncer\\vendor\\laravel\\framework\\src\\Illuminate\\Container\\BoundMethod.php(35): Illuminate\\Container\\BoundMethod::callBoundMethod(Object(Illuminate\\Foundation\\Application), Object(Closure), Object(Closure))
#29 C:\\xampp\\htdocs\\freeluncer\\vendor\\laravel\\framework\\src\\Illuminate\\Container\\Container.php(661): Illuminate\\Container\\BoundMethod::call(Object(Illuminate\\Foundation\\Application), Object(Closure), Array, NULL)
#30 C:\\xampp\\htdocs\\freeluncer\\vendor\\laravel\\framework\\src\\Illuminate\\Foundation\\Support\\Providers\\RouteServiceProvider.php(120): Illuminate\\Container\\Container->call(Object(Closure))
#31 C:\\xampp\\htdocs\\freeluncer\\vendor\\laravel\\framework\\src\\Illuminate\\Foundation\\Support\\Providers\\RouteServiceProvider.php(45): Illuminate\\Foundation\\Support\\Providers\\RouteServiceProvider->loadRoutes()
#32 C:\\xampp\\htdocs\\freeluncer\\vendor\\laravel\\framework\\src\\Illuminate\\Container\\BoundMethod.php(36): Illuminate\\Foundation\\Support\\Providers\\RouteServiceProvider->Illuminate\\Foundation\\Support\\Providers\\{closure}()
#33 C:\\xampp\\htdocs\\freeluncer\\vendor\\laravel\\framework\\src\\Illuminate\\Container\\Util.php(41): Illuminate\\Container\\BoundMethod::Illuminate\\Container\\{closure}()
#34 C:\\xampp\\htdocs\\freeluncer\\vendor\\laravel\\framework\\src\\Illuminate\\Container\\BoundMethod.php(81): Illuminate\\Container\\Util::unwrapIfClosure(Object(Closure))
#35 C:\\xampp\\htdocs\\freeluncer\\vendor\\laravel\\framework\\src\\Illuminate\\Container\\BoundMethod.php(35): Illuminate\\Container\\BoundMethod::callBoundMethod(Object(Illuminate\\Foundation\\Application), Object(Closure), Object(Closure))
#36 C:\\xampp\\htdocs\\freeluncer\\vendor\\laravel\\framework\\src\\Illuminate\\Container\\Container.php(661): Illuminate\\Container\\BoundMethod::call(Object(Illuminate\\Foundation\\Application), Object(Closure), Array, NULL)
#37 C:\\xampp\\htdocs\\freeluncer\\vendor\\laravel\\framework\\src\\Illuminate\\Support\\ServiceProvider.php(119): Illuminate\\Container\\Container->call(Object(Closure))
#38 C:\\xampp\\htdocs\\freeluncer\\vendor\\laravel\\framework\\src\\Illuminate\\Foundation\\Application.php(932): Illuminate\\Support\\ServiceProvider->callBootedCallbacks()
#39 C:\\xampp\\htdocs\\freeluncer\\vendor\\laravel\\framework\\src\\Illuminate\\Foundation\\Application.php(910): Illuminate\\Foundation\\Application->bootProvider(Object(App\\Providers\\RouteServiceProvider))
#40 [internal function]: Illuminate\\Foundation\\Application->Illuminate\\Foundation\\{closure}(Object(App\\Providers\\RouteServiceProvider), 53)
#41 C:\\xampp\\htdocs\\freeluncer\\vendor\\laravel\\framework\\src\\Illuminate\\Foundation\\Application.php(909): array_walk(Array, Object(Closure))
#42 C:\\xampp\\htdocs\\freeluncer\\vendor\\laravel\\framework\\src\\Illuminate\\Foundation\\Bootstrap\\BootProviders.php(17): Illuminate\\Foundation\\Application->boot()
#43 C:\\xampp\\htdocs\\freeluncer\\vendor\\laravel\\framework\\src\\Illuminate\\Foundation\\Application.php(242): Illuminate\\Foundation\\Bootstrap\\BootProviders->bootstrap(Object(Illuminate\\Foundation\\Application))
#44 C:\\xampp\\htdocs\\freeluncer\\vendor\\laravel\\framework\\src\\Illuminate\\Foundation\\Http\\Kernel.php(176): Illuminate\\Foundation\\Application->bootstrapWith(Array)
#45 C:\\xampp\\htdocs\\freeluncer\\vendor\\laravel\\framework\\src\\Illuminate\\Foundation\\Http\\Kernel.php(160): Illuminate\\Foundation\\Http\\Kernel->bootstrap()
#46 C:\\xampp\\htdocs\\freeluncer\\vendor\\laravel\\framework\\src\\Illuminate\\Foundation\\Http\\Kernel.php(134): Illuminate\\Foundation\\Http\\Kernel->sendRequestThroughRouter(Object(Illuminate\\Http\\Request))
#47 C:\\xampp\\htdocs\\freeluncer\\index.php(52): Illuminate\\Foundation\\Http\\Kernel->handle(Object(Illuminate\\Http\\Request))
#48 {main}
"} 
[2024-11-26 07:27:55] local.ERROR: syntax error, unexpected token "<<" {"exception":"[object] (ParseError(code: 0): syntax error, unexpected token \"<<\" at C:\\xampp\\htdocs\\freeluncer\\app\\Http\\Livewire\\Main\\Auth\\RegisterComponent.php:132)
[stacktrace]
#0 C:\\xampp\\htdocs\\freeluncer\\vendor\\composer\\ClassLoader.php(427): Composer\\Autoload\\{closure}('C:\\\\xampp\\\\htdocs...')
#1 [internal function]: Composer\\Autoload\\ClassLoader->loadClass('App\\\\Http\\\\Livewi...')
#2 C:\\xampp\\htdocs\\freeluncer\\vendor\\laravel\\framework\\src\\Illuminate\\Routing\\RouteAction.php(91): method_exists('App\\\\Http\\\\Livewi...', '__invoke')
#3 C:\\xampp\\htdocs\\freeluncer\\vendor\\laravel\\framework\\src\\Illuminate\\Routing\\RouteAction.php(47): Illuminate\\Routing\\RouteAction::makeInvokable('App\\\\Http\\\\Livewi...')
#4 C:\\xampp\\htdocs\\freeluncer\\vendor\\laravel\\framework\\src\\Illuminate\\Routing\\Route.php(191): Illuminate\\Routing\\RouteAction::parse('auth/register', Array)
#5 C:\\xampp\\htdocs\\freeluncer\\vendor\\laravel\\framework\\src\\Illuminate\\Routing\\Route.php(172): Illuminate\\Routing\\Route->parseAction(Array)
#6 C:\\xampp\\htdocs\\freeluncer\\vendor\\laravel\\framework\\src\\Illuminate\\Routing\\Router.php(661): Illuminate\\Routing\\Route->__construct(Array, 'auth/register', Array)
#7 C:\\xampp\\htdocs\\freeluncer\\vendor\\laravel\\framework\\src\\Illuminate\\Routing\\Router.php(553): Illuminate\\Routing\\Router->newRoute(Array, 'auth/register', Array)
#8 C:\\xampp\\htdocs\\freeluncer\\vendor\\laravel\\framework\\src\\Illuminate\\Routing\\Router.php(533): Illuminate\\Routing\\Router->createRoute(Array, 'register', Array)
#9 C:\\xampp\\htdocs\\freeluncer\\vendor\\laravel\\framework\\src\\Illuminate\\Routing\\Router.php(150): Illuminate\\Routing\\Router->addRoute(Array, 'register', 'RegisterCompone...')
#10 C:\\xampp\\htdocs\\freeluncer\\vendor\\laravel\\framework\\src\\Illuminate\\Support\\Facades\\Facade.php(338): Illuminate\\Routing\\Router->get('register', 'RegisterCompone...')
#11 C:\\xampp\\htdocs\\freeluncer\\routes\\web.php(106): Illuminate\\Support\\Facades\\Facade::__callStatic('get', Array)
#12 C:\\xampp\\htdocs\\freeluncer\\vendor\\laravel\\framework\\src\\Illuminate\\Routing\\Router.php(501): Illuminate\\Routing\\RouteFileRegistrar->{closure}(Object(Illuminate\\Routing\\Router))
#13 C:\\xampp\\htdocs\\freeluncer\\vendor\\laravel\\framework\\src\\Illuminate\\Routing\\Router.php(457): Illuminate\\Routing\\Router->loadRoutes(Object(Closure))
#14 C:\\xampp\\htdocs\\freeluncer\\vendor\\laravel\\framework\\src\\Illuminate\\Routing\\RouteRegistrar.php(192): Illuminate\\Routing\\Router->group(Array, Object(Closure))
#15 C:\\xampp\\htdocs\\freeluncer\\routes\\web.php(103): Illuminate\\Routing\\RouteRegistrar->group(Object(Closure))
#16 C:\\xampp\\htdocs\\freeluncer\\vendor\\laravel\\framework\\src\\Illuminate\\Routing\\Router.php(501): Illuminate\\Routing\\RouteFileRegistrar->{closure}(Object(Illuminate\\Routing\\Router))
#17 C:\\xampp\\htdocs\\freeluncer\\vendor\\laravel\\framework\\src\\Illuminate\\Routing\\Router.php(457): Illuminate\\Routing\\Router->loadRoutes(Object(Closure))
#18 C:\\xampp\\htdocs\\freeluncer\\vendor\\laravel\\framework\\src\\Illuminate\\Routing\\RouteRegistrar.php(192): Illuminate\\Routing\\Router->group(Array, Object(Closure))
#19 C:\\xampp\\htdocs\\freeluncer\\routes\\web.php(30): Illuminate\\Routing\\RouteRegistrar->group(Object(Closure))
#20 C:\\xampp\\htdocs\\freeluncer\\vendor\\laravel\\framework\\src\\Illuminate\\Routing\\RouteFileRegistrar.php(35): require('C:\\\\xampp\\\\htdocs...')
#21 C:\\xampp\\htdocs\\freeluncer\\vendor\\laravel\\framework\\src\\Illuminate\\Routing\\Router.php(503): Illuminate\\Routing\\RouteFileRegistrar->register('C:\\\\xampp\\\\htdocs...')
#22 C:\\xampp\\htdocs\\freeluncer\\vendor\\laravel\\framework\\src\\Illuminate\\Routing\\Router.php(457): Illuminate\\Routing\\Router->loadRoutes('C:\\\\xampp\\\\htdocs...')
#23 C:\\xampp\\htdocs\\freeluncer\\vendor\\laravel\\framework\\src\\Illuminate\\Routing\\RouteRegistrar.php(192): Illuminate\\Routing\\Router->group(Array, 'C:\\\\xampp\\\\htdocs...')
#24 C:\\xampp\\htdocs\\freeluncer\\app\\Providers\\RouteServiceProvider.php(38): Illuminate\\Routing\\RouteRegistrar->group('C:\\\\xampp\\\\htdocs...')
#25 C:\\xampp\\htdocs\\freeluncer\\vendor\\laravel\\framework\\src\\Illuminate\\Container\\BoundMethod.php(36): App\\Providers\\RouteServiceProvider->App\\Providers\\{closure}()
#26 C:\\xampp\\htdocs\\freeluncer\\vendor\\laravel\\framework\\src\\Illuminate\\Container\\Util.php(41): Illuminate\\Container\\BoundMethod::Illuminate\\Container\\{closure}()
#27 C:\\xampp\\htdocs\\freeluncer\\vendor\\laravel\\framework\\src\\Illuminate\\Container\\BoundMethod.php(81): Illuminate\\Container\\Util::unwrapIfClosure(Object(Closure))
#28 C:\\xampp\\htdocs\\freeluncer\\vendor\\laravel\\framework\\src\\Illuminate\\Container\\BoundMethod.php(35): Illuminate\\Container\\BoundMethod::callBoundMethod(Object(Illuminate\\Foundation\\Application), Object(Closure), Object(Closure))
#29 C:\\xampp\\htdocs\\freeluncer\\vendor\\laravel\\framework\\src\\Illuminate\\Container\\Container.php(661): Illuminate\\Container\\BoundMethod::call(Object(Illuminate\\Foundation\\Application), Object(Closure), Array, NULL)
#30 C:\\xampp\\htdocs\\freeluncer\\vendor\\laravel\\framework\\src\\Illuminate\\Foundation\\Support\\Providers\\RouteServiceProvider.php(120): Illuminate\\Container\\Container->call(Object(Closure))
#31 C:\\xampp\\htdocs\\freeluncer\\vendor\\laravel\\framework\\src\\Illuminate\\Foundation\\Support\\Providers\\RouteServiceProvider.php(45): Illuminate\\Foundation\\Support\\Providers\\RouteServiceProvider->loadRoutes()
#32 C:\\xampp\\htdocs\\freeluncer\\vendor\\laravel\\framework\\src\\Illuminate\\Container\\BoundMethod.php(36): Illuminate\\Foundation\\Support\\Providers\\RouteServiceProvider->Illuminate\\Foundation\\Support\\Providers\\{closure}()
#33 C:\\xampp\\htdocs\\freeluncer\\vendor\\laravel\\framework\\src\\Illuminate\\Container\\Util.php(41): Illuminate\\Container\\BoundMethod::Illuminate\\Container\\{closure}()
#34 C:\\xampp\\htdocs\\freeluncer\\vendor\\laravel\\framework\\src\\Illuminate\\Container\\BoundMethod.php(81): Illuminate\\Container\\Util::unwrapIfClosure(Object(Closure))
#35 C:\\xampp\\htdocs\\freeluncer\\vendor\\laravel\\framework\\src\\Illuminate\\Container\\BoundMethod.php(35): Illuminate\\Container\\BoundMethod::callBoundMethod(Object(Illuminate\\Foundation\\Application), Object(Closure), Object(Closure))
#36 C:\\xampp\\htdocs\\freeluncer\\vendor\\laravel\\framework\\src\\Illuminate\\Container\\Container.php(661): Illuminate\\Container\\BoundMethod::call(Object(Illuminate\\Foundation\\Application), Object(Closure), Array, NULL)
#37 C:\\xampp\\htdocs\\freeluncer\\vendor\\laravel\\framework\\src\\Illuminate\\Support\\ServiceProvider.php(119): Illuminate\\Container\\Container->call(Object(Closure))
#38 C:\\xampp\\htdocs\\freeluncer\\vendor\\laravel\\framework\\src\\Illuminate\\Foundation\\Application.php(932): Illuminate\\Support\\ServiceProvider->callBootedCallbacks()
#39 C:\\xampp\\htdocs\\freeluncer\\vendor\\laravel\\framework\\src\\Illuminate\\Foundation\\Application.php(910): Illuminate\\Foundation\\Application->bootProvider(Object(App\\Providers\\RouteServiceProvider))
#40 [internal function]: Illuminate\\Foundation\\Application->Illuminate\\Foundation\\{closure}(Object(App\\Providers\\RouteServiceProvider), 53)
#41 C:\\xampp\\htdocs\\freeluncer\\vendor\\laravel\\framework\\src\\Illuminate\\Foundation\\Application.php(909): array_walk(Array, Object(Closure))
#42 C:\\xampp\\htdocs\\freeluncer\\vendor\\laravel\\framework\\src\\Illuminate\\Foundation\\Bootstrap\\BootProviders.php(17): Illuminate\\Foundation\\Application->boot()
#43 C:\\xampp\\htdocs\\freeluncer\\vendor\\laravel\\framework\\src\\Illuminate\\Foundation\\Application.php(242): Illuminate\\Foundation\\Bootstrap\\BootProviders->bootstrap(Object(Illuminate\\Foundation\\Application))
#44 C:\\xampp\\htdocs\\freeluncer\\vendor\\laravel\\framework\\src\\Illuminate\\Foundation\\Http\\Kernel.php(176): Illuminate\\Foundation\\Application->bootstrapWith(Array)
#45 C:\\xampp\\htdocs\\freeluncer\\vendor\\laravel\\framework\\src\\Illuminate\\Foundation\\Http\\Kernel.php(160): Illuminate\\Foundation\\Http\\Kernel->bootstrap()
#46 C:\\xampp\\htdocs\\freeluncer\\vendor\\laravel\\framework\\src\\Illuminate\\Foundation\\Http\\Kernel.php(134): Illuminate\\Foundation\\Http\\Kernel->sendRequestThroughRouter(Object(Illuminate\\Http\\Request))
#47 C:\\xampp\\htdocs\\freeluncer\\index.php(52): Illuminate\\Foundation\\Http\\Kernel->handle(Object(Illuminate\\Http\\Request))
#48 {main}
"} 
[2024-11-26 07:29:32] local.ERROR: syntax error, unexpected token "<<" {"exception":"[object] (ParseError(code: 0): syntax error, unexpected token \"<<\" at C:\\xampp\\htdocs\\freeluncer\\app\\Http\\Livewire\\Main\\Auth\\RegisterComponent.php:132)
[stacktrace]
#0 C:\\xampp\\htdocs\\freeluncer\\vendor\\composer\\ClassLoader.php(427): Composer\\Autoload\\{closure}('C:\\\\xampp\\\\htdocs...')
#1 [internal function]: Composer\\Autoload\\ClassLoader->loadClass('App\\\\Http\\\\Livewi...')
#2 C:\\xampp\\htdocs\\freeluncer\\vendor\\laravel\\framework\\src\\Illuminate\\Routing\\RouteAction.php(91): method_exists('App\\\\Http\\\\Livewi...', '__invoke')
#3 C:\\xampp\\htdocs\\freeluncer\\vendor\\laravel\\framework\\src\\Illuminate\\Routing\\RouteAction.php(47): Illuminate\\Routing\\RouteAction::makeInvokable('App\\\\Http\\\\Livewi...')
#4 C:\\xampp\\htdocs\\freeluncer\\vendor\\laravel\\framework\\src\\Illuminate\\Routing\\Route.php(191): Illuminate\\Routing\\RouteAction::parse('auth/register', Array)
#5 C:\\xampp\\htdocs\\freeluncer\\vendor\\laravel\\framework\\src\\Illuminate\\Routing\\Route.php(172): Illuminate\\Routing\\Route->parseAction(Array)
#6 C:\\xampp\\htdocs\\freeluncer\\vendor\\laravel\\framework\\src\\Illuminate\\Routing\\Router.php(661): Illuminate\\Routing\\Route->__construct(Array, 'auth/register', Array)
#7 C:\\xampp\\htdocs\\freeluncer\\vendor\\laravel\\framework\\src\\Illuminate\\Routing\\Router.php(553): Illuminate\\Routing\\Router->newRoute(Array, 'auth/register', Array)
#8 C:\\xampp\\htdocs\\freeluncer\\vendor\\laravel\\framework\\src\\Illuminate\\Routing\\Router.php(533): Illuminate\\Routing\\Router->createRoute(Array, 'register', Array)
#9 C:\\xampp\\htdocs\\freeluncer\\vendor\\laravel\\framework\\src\\Illuminate\\Routing\\Router.php(150): Illuminate\\Routing\\Router->addRoute(Array, 'register', 'RegisterCompone...')
#10 C:\\xampp\\htdocs\\freeluncer\\vendor\\laravel\\framework\\src\\Illuminate\\Support\\Facades\\Facade.php(338): Illuminate\\Routing\\Router->get('register', 'RegisterCompone...')
#11 C:\\xampp\\htdocs\\freeluncer\\routes\\web.php(106): Illuminate\\Support\\Facades\\Facade::__callStatic('get', Array)
#12 C:\\xampp\\htdocs\\freeluncer\\vendor\\laravel\\framework\\src\\Illuminate\\Routing\\Router.php(501): Illuminate\\Routing\\RouteFileRegistrar->{closure}(Object(Illuminate\\Routing\\Router))
#13 C:\\xampp\\htdocs\\freeluncer\\vendor\\laravel\\framework\\src\\Illuminate\\Routing\\Router.php(457): Illuminate\\Routing\\Router->loadRoutes(Object(Closure))
#14 C:\\xampp\\htdocs\\freeluncer\\vendor\\laravel\\framework\\src\\Illuminate\\Routing\\RouteRegistrar.php(192): Illuminate\\Routing\\Router->group(Array, Object(Closure))
#15 C:\\xampp\\htdocs\\freeluncer\\routes\\web.php(103): Illuminate\\Routing\\RouteRegistrar->group(Object(Closure))
#16 C:\\xampp\\htdocs\\freeluncer\\vendor\\laravel\\framework\\src\\Illuminate\\Routing\\Router.php(501): Illuminate\\Routing\\RouteFileRegistrar->{closure}(Object(Illuminate\\Routing\\Router))
#17 C:\\xampp\\htdocs\\freeluncer\\vendor\\laravel\\framework\\src\\Illuminate\\Routing\\Router.php(457): Illuminate\\Routing\\Router->loadRoutes(Object(Closure))
#18 C:\\xampp\\htdocs\\freeluncer\\vendor\\laravel\\framework\\src\\Illuminate\\Routing\\RouteRegistrar.php(192): Illuminate\\Routing\\Router->group(Array, Object(Closure))
#19 C:\\xampp\\htdocs\\freeluncer\\routes\\web.php(30): Illuminate\\Routing\\RouteRegistrar->group(Object(Closure))
#20 C:\\xampp\\htdocs\\freeluncer\\vendor\\laravel\\framework\\src\\Illuminate\\Routing\\RouteFileRegistrar.php(35): require('C:\\\\xampp\\\\htdocs...')
#21 C:\\xampp\\htdocs\\freeluncer\\vendor\\laravel\\framework\\src\\Illuminate\\Routing\\Router.php(503): Illuminate\\Routing\\RouteFileRegistrar->register('C:\\\\xampp\\\\htdocs...')
#22 C:\\xampp\\htdocs\\freeluncer\\vendor\\laravel\\framework\\src\\Illuminate\\Routing\\Router.php(457): Illuminate\\Routing\\Router->loadRoutes('C:\\\\xampp\\\\htdocs...')
#23 C:\\xampp\\htdocs\\freeluncer\\vendor\\laravel\\framework\\src\\Illuminate\\Routing\\RouteRegistrar.php(192): Illuminate\\Routing\\Router->group(Array, 'C:\\\\xampp\\\\htdocs...')
#24 C:\\xampp\\htdocs\\freeluncer\\app\\Providers\\RouteServiceProvider.php(38): Illuminate\\Routing\\RouteRegistrar->group('C:\\\\xampp\\\\htdocs...')
#25 C:\\xampp\\htdocs\\freeluncer\\vendor\\laravel\\framework\\src\\Illuminate\\Container\\BoundMethod.php(36): App\\Providers\\RouteServiceProvider->App\\Providers\\{closure}()
#26 C:\\xampp\\htdocs\\freeluncer\\vendor\\laravel\\framework\\src\\Illuminate\\Container\\Util.php(41): Illuminate\\Container\\BoundMethod::Illuminate\\Container\\{closure}()
#27 C:\\xampp\\htdocs\\freeluncer\\vendor\\laravel\\framework\\src\\Illuminate\\Container\\BoundMethod.php(81): Illuminate\\Container\\Util::unwrapIfClosure(Object(Closure))
#28 C:\\xampp\\htdocs\\freeluncer\\vendor\\laravel\\framework\\src\\Illuminate\\Container\\BoundMethod.php(35): Illuminate\\Container\\BoundMethod::callBoundMethod(Object(Illuminate\\Foundation\\Application), Object(Closure), Object(Closure))
#29 C:\\xampp\\htdocs\\freeluncer\\vendor\\laravel\\framework\\src\\Illuminate\\Container\\Container.php(661): Illuminate\\Container\\BoundMethod::call(Object(Illuminate\\Foundation\\Application), Object(Closure), Array, NULL)
#30 C:\\xampp\\htdocs\\freeluncer\\vendor\\laravel\\framework\\src\\Illuminate\\Foundation\\Support\\Providers\\RouteServiceProvider.php(120): Illuminate\\Container\\Container->call(Object(Closure))
#31 C:\\xampp\\htdocs\\freeluncer\\vendor\\laravel\\framework\\src\\Illuminate\\Foundation\\Support\\Providers\\RouteServiceProvider.php(45): Illuminate\\Foundation\\Support\\Providers\\RouteServiceProvider->loadRoutes()
#32 C:\\xampp\\htdocs\\freeluncer\\vendor\\laravel\\framework\\src\\Illuminate\\Container\\BoundMethod.php(36): Illuminate\\Foundation\\Support\\Providers\\RouteServiceProvider->Illuminate\\Foundation\\Support\\Providers\\{closure}()
#33 C:\\xampp\\htdocs\\freeluncer\\vendor\\laravel\\framework\\src\\Illuminate\\Container\\Util.php(41): Illuminate\\Container\\BoundMethod::Illuminate\\Container\\{closure}()
#34 C:\\xampp\\htdocs\\freeluncer\\vendor\\laravel\\framework\\src\\Illuminate\\Container\\BoundMethod.php(81): Illuminate\\Container\\Util::unwrapIfClosure(Object(Closure))
#35 C:\\xampp\\htdocs\\freeluncer\\vendor\\laravel\\framework\\src\\Illuminate\\Container\\BoundMethod.php(35): Illuminate\\Container\\BoundMethod::callBoundMethod(Object(Illuminate\\Foundation\\Application), Object(Closure), Object(Closure))
#36 C:\\xampp\\htdocs\\freeluncer\\vendor\\laravel\\framework\\src\\Illuminate\\Container\\Container.php(661): Illuminate\\Container\\BoundMethod::call(Object(Illuminate\\Foundation\\Application), Object(Closure), Array, NULL)
#37 C:\\xampp\\htdocs\\freeluncer\\vendor\\laravel\\framework\\src\\Illuminate\\Support\\ServiceProvider.php(119): Illuminate\\Container\\Container->call(Object(Closure))
#38 C:\\xampp\\htdocs\\freeluncer\\vendor\\laravel\\framework\\src\\Illuminate\\Foundation\\Application.php(932): Illuminate\\Support\\ServiceProvider->callBootedCallbacks()
#39 C:\\xampp\\htdocs\\freeluncer\\vendor\\laravel\\framework\\src\\Illuminate\\Foundation\\Application.php(910): Illuminate\\Foundation\\Application->bootProvider(Object(App\\Providers\\RouteServiceProvider))
#40 [internal function]: Illuminate\\Foundation\\Application->Illuminate\\Foundation\\{closure}(Object(App\\Providers\\RouteServiceProvider), 53)
#41 C:\\xampp\\htdocs\\freeluncer\\vendor\\laravel\\framework\\src\\Illuminate\\Foundation\\Application.php(909): array_walk(Array, Object(Closure))
#42 C:\\xampp\\htdocs\\freeluncer\\vendor\\laravel\\framework\\src\\Illuminate\\Foundation\\Bootstrap\\BootProviders.php(17): Illuminate\\Foundation\\Application->boot()
#43 C:\\xampp\\htdocs\\freeluncer\\vendor\\laravel\\framework\\src\\Illuminate\\Foundation\\Application.php(242): Illuminate\\Foundation\\Bootstrap\\BootProviders->bootstrap(Object(Illuminate\\Foundation\\Application))
#44 C:\\xampp\\htdocs\\freeluncer\\vendor\\laravel\\framework\\src\\Illuminate\\Foundation\\Http\\Kernel.php(176): Illuminate\\Foundation\\Application->bootstrapWith(Array)
#45 C:\\xampp\\htdocs\\freeluncer\\vendor\\laravel\\framework\\src\\Illuminate\\Foundation\\Http\\Kernel.php(160): Illuminate\\Foundation\\Http\\Kernel->bootstrap()
#46 C:\\xampp\\htdocs\\freeluncer\\vendor\\laravel\\framework\\src\\Illuminate\\Foundation\\Http\\Kernel.php(134): Illuminate\\Foundation\\Http\\Kernel->sendRequestThroughRouter(Object(Illuminate\\Http\\Request))
#47 C:\\xampp\\htdocs\\freeluncer\\index.php(52): Illuminate\\Foundation\\Http\\Kernel->handle(Object(Illuminate\\Http\\Request))
#48 {main}
"} 
[2024-11-26 07:32:53] local.ERROR: syntax error, unexpected token "<<" {"exception":"[object] (ParseError(code: 0): syntax error, unexpected token \"<<\" at C:\\xampp\\htdocs\\freeluncer\\app\\Http\\Livewire\\Main\\Auth\\RegisterComponent.php:133)
[stacktrace]
#0 C:\\xampp\\htdocs\\freeluncer\\vendor\\composer\\ClassLoader.php(427): Composer\\Autoload\\{closure}('C:\\\\xampp\\\\htdocs...')
#1 [internal function]: Composer\\Autoload\\ClassLoader->loadClass('App\\\\Http\\\\Livewi...')
#2 C:\\xampp\\htdocs\\freeluncer\\vendor\\laravel\\framework\\src\\Illuminate\\Routing\\RouteAction.php(91): method_exists('App\\\\Http\\\\Livewi...', '__invoke')
#3 C:\\xampp\\htdocs\\freeluncer\\vendor\\laravel\\framework\\src\\Illuminate\\Routing\\RouteAction.php(47): Illuminate\\Routing\\RouteAction::makeInvokable('App\\\\Http\\\\Livewi...')
#4 C:\\xampp\\htdocs\\freeluncer\\vendor\\laravel\\framework\\src\\Illuminate\\Routing\\Route.php(191): Illuminate\\Routing\\RouteAction::parse('auth/register', Array)
#5 C:\\xampp\\htdocs\\freeluncer\\vendor\\laravel\\framework\\src\\Illuminate\\Routing\\Route.php(172): Illuminate\\Routing\\Route->parseAction(Array)
#6 C:\\xampp\\htdocs\\freeluncer\\vendor\\laravel\\framework\\src\\Illuminate\\Routing\\Router.php(661): Illuminate\\Routing\\Route->__construct(Array, 'auth/register', Array)
#7 C:\\xampp\\htdocs\\freeluncer\\vendor\\laravel\\framework\\src\\Illuminate\\Routing\\Router.php(553): Illuminate\\Routing\\Router->newRoute(Array, 'auth/register', Array)
#8 C:\\xampp\\htdocs\\freeluncer\\vendor\\laravel\\framework\\src\\Illuminate\\Routing\\Router.php(533): Illuminate\\Routing\\Router->createRoute(Array, 'register', Array)
#9 C:\\xampp\\htdocs\\freeluncer\\vendor\\laravel\\framework\\src\\Illuminate\\Routing\\Router.php(150): Illuminate\\Routing\\Router->addRoute(Array, 'register', 'RegisterCompone...')
#10 C:\\xampp\\htdocs\\freeluncer\\vendor\\laravel\\framework\\src\\Illuminate\\Support\\Facades\\Facade.php(338): Illuminate\\Routing\\Router->get('register', 'RegisterCompone...')
#11 C:\\xampp\\htdocs\\freeluncer\\routes\\web.php(106): Illuminate\\Support\\Facades\\Facade::__callStatic('get', Array)
#12 C:\\xampp\\htdocs\\freeluncer\\vendor\\laravel\\framework\\src\\Illuminate\\Routing\\Router.php(501): Illuminate\\Routing\\RouteFileRegistrar->{closure}(Object(Illuminate\\Routing\\Router))
#13 C:\\xampp\\htdocs\\freeluncer\\vendor\\laravel\\framework\\src\\Illuminate\\Routing\\Router.php(457): Illuminate\\Routing\\Router->loadRoutes(Object(Closure))
#14 C:\\xampp\\htdocs\\freeluncer\\vendor\\laravel\\framework\\src\\Illuminate\\Routing\\RouteRegistrar.php(192): Illuminate\\Routing\\Router->group(Array, Object(Closure))
#15 C:\\xampp\\htdocs\\freeluncer\\routes\\web.php(103): Illuminate\\Routing\\RouteRegistrar->group(Object(Closure))
#16 C:\\xampp\\htdocs\\freeluncer\\vendor\\laravel\\framework\\src\\Illuminate\\Routing\\Router.php(501): Illuminate\\Routing\\RouteFileRegistrar->{closure}(Object(Illuminate\\Routing\\Router))
#17 C:\\xampp\\htdocs\\freeluncer\\vendor\\laravel\\framework\\src\\Illuminate\\Routing\\Router.php(457): Illuminate\\Routing\\Router->loadRoutes(Object(Closure))
#18 C:\\xampp\\htdocs\\freeluncer\\vendor\\laravel\\framework\\src\\Illuminate\\Routing\\RouteRegistrar.php(192): Illuminate\\Routing\\Router->group(Array, Object(Closure))
#19 C:\\xampp\\htdocs\\freeluncer\\routes\\web.php(30): Illuminate\\Routing\\RouteRegistrar->group(Object(Closure))
#20 C:\\xampp\\htdocs\\freeluncer\\vendor\\laravel\\framework\\src\\Illuminate\\Routing\\RouteFileRegistrar.php(35): require('C:\\\\xampp\\\\htdocs...')
#21 C:\\xampp\\htdocs\\freeluncer\\vendor\\laravel\\framework\\src\\Illuminate\\Routing\\Router.php(503): Illuminate\\Routing\\RouteFileRegistrar->register('C:\\\\xampp\\\\htdocs...')
#22 C:\\xampp\\htdocs\\freeluncer\\vendor\\laravel\\framework\\src\\Illuminate\\Routing\\Router.php(457): Illuminate\\Routing\\Router->loadRoutes('C:\\\\xampp\\\\htdocs...')
#23 C:\\xampp\\htdocs\\freeluncer\\vendor\\laravel\\framework\\src\\Illuminate\\Routing\\RouteRegistrar.php(192): Illuminate\\Routing\\Router->group(Array, 'C:\\\\xampp\\\\htdocs...')
#24 C:\\xampp\\htdocs\\freeluncer\\app\\Providers\\RouteServiceProvider.php(38): Illuminate\\Routing\\RouteRegistrar->group('C:\\\\xampp\\\\htdocs...')
#25 C:\\xampp\\htdocs\\freeluncer\\vendor\\laravel\\framework\\src\\Illuminate\\Container\\BoundMethod.php(36): App\\Providers\\RouteServiceProvider->App\\Providers\\{closure}()
#26 C:\\xampp\\htdocs\\freeluncer\\vendor\\laravel\\framework\\src\\Illuminate\\Container\\Util.php(41): Illuminate\\Container\\BoundMethod::Illuminate\\Container\\{closure}()
#27 C:\\xampp\\htdocs\\freeluncer\\vendor\\laravel\\framework\\src\\Illuminate\\Container\\BoundMethod.php(81): Illuminate\\Container\\Util::unwrapIfClosure(Object(Closure))
#28 C:\\xampp\\htdocs\\freeluncer\\vendor\\laravel\\framework\\src\\Illuminate\\Container\\BoundMethod.php(35): Illuminate\\Container\\BoundMethod::callBoundMethod(Object(Illuminate\\Foundation\\Application), Object(Closure), Object(Closure))
#29 C:\\xampp\\htdocs\\freeluncer\\vendor\\laravel\\framework\\src\\Illuminate\\Container\\Container.php(661): Illuminate\\Container\\BoundMethod::call(Object(Illuminate\\Foundation\\Application), Object(Closure), Array, NULL)
#30 C:\\xampp\\htdocs\\freeluncer\\vendor\\laravel\\framework\\src\\Illuminate\\Foundation\\Support\\Providers\\RouteServiceProvider.php(120): Illuminate\\Container\\Container->call(Object(Closure))
#31 C:\\xampp\\htdocs\\freeluncer\\vendor\\laravel\\framework\\src\\Illuminate\\Foundation\\Support\\Providers\\RouteServiceProvider.php(45): Illuminate\\Foundation\\Support\\Providers\\RouteServiceProvider->loadRoutes()
#32 C:\\xampp\\htdocs\\freeluncer\\vendor\\laravel\\framework\\src\\Illuminate\\Container\\BoundMethod.php(36): Illuminate\\Foundation\\Support\\Providers\\RouteServiceProvider->Illuminate\\Foundation\\Support\\Providers\\{closure}()
#33 C:\\xampp\\htdocs\\freeluncer\\vendor\\laravel\\framework\\src\\Illuminate\\Container\\Util.php(41): Illuminate\\Container\\BoundMethod::Illuminate\\Container\\{closure}()
#34 C:\\xampp\\htdocs\\freeluncer\\vendor\\laravel\\framework\\src\\Illuminate\\Container\\BoundMethod.php(81): Illuminate\\Container\\Util::unwrapIfClosure(Object(Closure))
#35 C:\\xampp\\htdocs\\freeluncer\\vendor\\laravel\\framework\\src\\Illuminate\\Container\\BoundMethod.php(35): Illuminate\\Container\\BoundMethod::callBoundMethod(Object(Illuminate\\Foundation\\Application), Object(Closure), Object(Closure))
#36 C:\\xampp\\htdocs\\freeluncer\\vendor\\laravel\\framework\\src\\Illuminate\\Container\\Container.php(661): Illuminate\\Container\\BoundMethod::call(Object(Illuminate\\Foundation\\Application), Object(Closure), Array, NULL)
#37 C:\\xampp\\htdocs\\freeluncer\\vendor\\laravel\\framework\\src\\Illuminate\\Support\\ServiceProvider.php(119): Illuminate\\Container\\Container->call(Object(Closure))
#38 C:\\xampp\\htdocs\\freeluncer\\vendor\\laravel\\framework\\src\\Illuminate\\Foundation\\Application.php(932): Illuminate\\Support\\ServiceProvider->callBootedCallbacks()
#39 C:\\xampp\\htdocs\\freeluncer\\vendor\\laravel\\framework\\src\\Illuminate\\Foundation\\Application.php(910): Illuminate\\Foundation\\Application->bootProvider(Object(App\\Providers\\RouteServiceProvider))
#40 [internal function]: Illuminate\\Foundation\\Application->Illuminate\\Foundation\\{closure}(Object(App\\Providers\\RouteServiceProvider), 53)
#41 C:\\xampp\\htdocs\\freeluncer\\vendor\\laravel\\framework\\src\\Illuminate\\Foundation\\Application.php(909): array_walk(Array, Object(Closure))
#42 C:\\xampp\\htdocs\\freeluncer\\vendor\\laravel\\framework\\src\\Illuminate\\Foundation\\Bootstrap\\BootProviders.php(17): Illuminate\\Foundation\\Application->boot()
#43 C:\\xampp\\htdocs\\freeluncer\\vendor\\laravel\\framework\\src\\Illuminate\\Foundation\\Application.php(242): Illuminate\\Foundation\\Bootstrap\\BootProviders->bootstrap(Object(Illuminate\\Foundation\\Application))
#44 C:\\xampp\\htdocs\\freeluncer\\vendor\\laravel\\framework\\src\\Illuminate\\Foundation\\Http\\Kernel.php(176): Illuminate\\Foundation\\Application->bootstrapWith(Array)
#45 C:\\xampp\\htdocs\\freeluncer\\vendor\\laravel\\framework\\src\\Illuminate\\Foundation\\Http\\Kernel.php(160): Illuminate\\Foundation\\Http\\Kernel->bootstrap()
#46 C:\\xampp\\htdocs\\freeluncer\\vendor\\laravel\\framework\\src\\Illuminate\\Foundation\\Http\\Kernel.php(134): Illuminate\\Foundation\\Http\\Kernel->sendRequestThroughRouter(Object(Illuminate\\Http\\Request))
#47 C:\\xampp\\htdocs\\freeluncer\\index.php(52): Illuminate\\Foundation\\Http\\Kernel->handle(Object(Illuminate\\Http\\Request))
#48 {main}
"} 
[2024-11-26 07:32:57] local.ERROR: syntax error, unexpected token "<<" {"exception":"[object] (ParseError(code: 0): syntax error, unexpected token \"<<\" at C:\\xampp\\htdocs\\freeluncer\\app\\Http\\Livewire\\Main\\Auth\\RegisterComponent.php:133)
[stacktrace]
#0 C:\\xampp\\htdocs\\freeluncer\\vendor\\composer\\ClassLoader.php(427): Composer\\Autoload\\{closure}('C:\\\\xampp\\\\htdocs...')
#1 [internal function]: Composer\\Autoload\\ClassLoader->loadClass('App\\\\Http\\\\Livewi...')
#2 C:\\xampp\\htdocs\\freeluncer\\vendor\\laravel\\framework\\src\\Illuminate\\Routing\\RouteAction.php(91): method_exists('App\\\\Http\\\\Livewi...', '__invoke')
#3 C:\\xampp\\htdocs\\freeluncer\\vendor\\laravel\\framework\\src\\Illuminate\\Routing\\RouteAction.php(47): Illuminate\\Routing\\RouteAction::makeInvokable('App\\\\Http\\\\Livewi...')
#4 C:\\xampp\\htdocs\\freeluncer\\vendor\\laravel\\framework\\src\\Illuminate\\Routing\\Route.php(191): Illuminate\\Routing\\RouteAction::parse('auth/register', Array)
#5 C:\\xampp\\htdocs\\freeluncer\\vendor\\laravel\\framework\\src\\Illuminate\\Routing\\Route.php(172): Illuminate\\Routing\\Route->parseAction(Array)
#6 C:\\xampp\\htdocs\\freeluncer\\vendor\\laravel\\framework\\src\\Illuminate\\Routing\\Router.php(661): Illuminate\\Routing\\Route->__construct(Array, 'auth/register', Array)
#7 C:\\xampp\\htdocs\\freeluncer\\vendor\\laravel\\framework\\src\\Illuminate\\Routing\\Router.php(553): Illuminate\\Routing\\Router->newRoute(Array, 'auth/register', Array)
#8 C:\\xampp\\htdocs\\freeluncer\\vendor\\laravel\\framework\\src\\Illuminate\\Routing\\Router.php(533): Illuminate\\Routing\\Router->createRoute(Array, 'register', Array)
#9 C:\\xampp\\htdocs\\freeluncer\\vendor\\laravel\\framework\\src\\Illuminate\\Routing\\Router.php(150): Illuminate\\Routing\\Router->addRoute(Array, 'register', 'RegisterCompone...')
#10 C:\\xampp\\htdocs\\freeluncer\\vendor\\laravel\\framework\\src\\Illuminate\\Support\\Facades\\Facade.php(338): Illuminate\\Routing\\Router->get('register', 'RegisterCompone...')
#11 C:\\xampp\\htdocs\\freeluncer\\routes\\web.php(106): Illuminate\\Support\\Facades\\Facade::__callStatic('get', Array)
#12 C:\\xampp\\htdocs\\freeluncer\\vendor\\laravel\\framework\\src\\Illuminate\\Routing\\Router.php(501): Illuminate\\Routing\\RouteFileRegistrar->{closure}(Object(Illuminate\\Routing\\Router))
#13 C:\\xampp\\htdocs\\freeluncer\\vendor\\laravel\\framework\\src\\Illuminate\\Routing\\Router.php(457): Illuminate\\Routing\\Router->loadRoutes(Object(Closure))
#14 C:\\xampp\\htdocs\\freeluncer\\vendor\\laravel\\framework\\src\\Illuminate\\Routing\\RouteRegistrar.php(192): Illuminate\\Routing\\Router->group(Array, Object(Closure))
#15 C:\\xampp\\htdocs\\freeluncer\\routes\\web.php(103): Illuminate\\Routing\\RouteRegistrar->group(Object(Closure))
#16 C:\\xampp\\htdocs\\freeluncer\\vendor\\laravel\\framework\\src\\Illuminate\\Routing\\Router.php(501): Illuminate\\Routing\\RouteFileRegistrar->{closure}(Object(Illuminate\\Routing\\Router))
#17 C:\\xampp\\htdocs\\freeluncer\\vendor\\laravel\\framework\\src\\Illuminate\\Routing\\Router.php(457): Illuminate\\Routing\\Router->loadRoutes(Object(Closure))
#18 C:\\xampp\\htdocs\\freeluncer\\vendor\\laravel\\framework\\src\\Illuminate\\Routing\\RouteRegistrar.php(192): Illuminate\\Routing\\Router->group(Array, Object(Closure))
#19 C:\\xampp\\htdocs\\freeluncer\\routes\\web.php(30): Illuminate\\Routing\\RouteRegistrar->group(Object(Closure))
#20 C:\\xampp\\htdocs\\freeluncer\\vendor\\laravel\\framework\\src\\Illuminate\\Routing\\RouteFileRegistrar.php(35): require('C:\\\\xampp\\\\htdocs...')
#21 C:\\xampp\\htdocs\\freeluncer\\vendor\\laravel\\framework\\src\\Illuminate\\Routing\\Router.php(503): Illuminate\\Routing\\RouteFileRegistrar->register('C:\\\\xampp\\\\htdocs...')
#22 C:\\xampp\\htdocs\\freeluncer\\vendor\\laravel\\framework\\src\\Illuminate\\Routing\\Router.php(457): Illuminate\\Routing\\Router->loadRoutes('C:\\\\xampp\\\\htdocs...')
#23 C:\\xampp\\htdocs\\freeluncer\\vendor\\laravel\\framework\\src\\Illuminate\\Routing\\RouteRegistrar.php(192): Illuminate\\Routing\\Router->group(Array, 'C:\\\\xampp\\\\htdocs...')
#24 C:\\xampp\\htdocs\\freeluncer\\app\\Providers\\RouteServiceProvider.php(38): Illuminate\\Routing\\RouteRegistrar->group('C:\\\\xampp\\\\htdocs...')
#25 C:\\xampp\\htdocs\\freeluncer\\vendor\\laravel\\framework\\src\\Illuminate\\Container\\BoundMethod.php(36): App\\Providers\\RouteServiceProvider->App\\Providers\\{closure}()
#26 C:\\xampp\\htdocs\\freeluncer\\vendor\\laravel\\framework\\src\\Illuminate\\Container\\Util.php(41): Illuminate\\Container\\BoundMethod::Illuminate\\Container\\{closure}()
#27 C:\\xampp\\htdocs\\freeluncer\\vendor\\laravel\\framework\\src\\Illuminate\\Container\\BoundMethod.php(81): Illuminate\\Container\\Util::unwrapIfClosure(Object(Closure))
#28 C:\\xampp\\htdocs\\freeluncer\\vendor\\laravel\\framework\\src\\Illuminate\\Container\\BoundMethod.php(35): Illuminate\\Container\\BoundMethod::callBoundMethod(Object(Illuminate\\Foundation\\Application), Object(Closure), Object(Closure))
#29 C:\\xampp\\htdocs\\freeluncer\\vendor\\laravel\\framework\\src\\Illuminate\\Container\\Container.php(661): Illuminate\\Container\\BoundMethod::call(Object(Illuminate\\Foundation\\Application), Object(Closure), Array, NULL)
#30 C:\\xampp\\htdocs\\freeluncer\\vendor\\laravel\\framework\\src\\Illuminate\\Foundation\\Support\\Providers\\RouteServiceProvider.php(120): Illuminate\\Container\\Container->call(Object(Closure))
#31 C:\\xampp\\htdocs\\freeluncer\\vendor\\laravel\\framework\\src\\Illuminate\\Foundation\\Support\\Providers\\RouteServiceProvider.php(45): Illuminate\\Foundation\\Support\\Providers\\RouteServiceProvider->loadRoutes()
#32 C:\\xampp\\htdocs\\freeluncer\\vendor\\laravel\\framework\\src\\Illuminate\\Container\\BoundMethod.php(36): Illuminate\\Foundation\\Support\\Providers\\RouteServiceProvider->Illuminate\\Foundation\\Support\\Providers\\{closure}()
#33 C:\\xampp\\htdocs\\freeluncer\\vendor\\laravel\\framework\\src\\Illuminate\\Container\\Util.php(41): Illuminate\\Container\\BoundMethod::Illuminate\\Container\\{closure}()
#34 C:\\xampp\\htdocs\\freeluncer\\vendor\\laravel\\framework\\src\\Illuminate\\Container\\BoundMethod.php(81): Illuminate\\Container\\Util::unwrapIfClosure(Object(Closure))
#35 C:\\xampp\\htdocs\\freeluncer\\vendor\\laravel\\framework\\src\\Illuminate\\Container\\BoundMethod.php(35): Illuminate\\Container\\BoundMethod::callBoundMethod(Object(Illuminate\\Foundation\\Application), Object(Closure), Object(Closure))
#36 C:\\xampp\\htdocs\\freeluncer\\vendor\\laravel\\framework\\src\\Illuminate\\Container\\Container.php(661): Illuminate\\Container\\BoundMethod::call(Object(Illuminate\\Foundation\\Application), Object(Closure), Array, NULL)
#37 C:\\xampp\\htdocs\\freeluncer\\vendor\\laravel\\framework\\src\\Illuminate\\Support\\ServiceProvider.php(119): Illuminate\\Container\\Container->call(Object(Closure))
#38 C:\\xampp\\htdocs\\freeluncer\\vendor\\laravel\\framework\\src\\Illuminate\\Foundation\\Application.php(932): Illuminate\\Support\\ServiceProvider->callBootedCallbacks()
#39 C:\\xampp\\htdocs\\freeluncer\\vendor\\laravel\\framework\\src\\Illuminate\\Foundation\\Application.php(910): Illuminate\\Foundation\\Application->bootProvider(Object(App\\Providers\\RouteServiceProvider))
#40 [internal function]: Illuminate\\Foundation\\Application->Illuminate\\Foundation\\{closure}(Object(App\\Providers\\RouteServiceProvider), 53)
#41 C:\\xampp\\htdocs\\freeluncer\\vendor\\laravel\\framework\\src\\Illuminate\\Foundation\\Application.php(909): array_walk(Array, Object(Closure))
#42 C:\\xampp\\htdocs\\freeluncer\\vendor\\laravel\\framework\\src\\Illuminate\\Foundation\\Bootstrap\\BootProviders.php(17): Illuminate\\Foundation\\Application->boot()
#43 C:\\xampp\\htdocs\\freeluncer\\vendor\\laravel\\framework\\src\\Illuminate\\Foundation\\Application.php(242): Illuminate\\Foundation\\Bootstrap\\BootProviders->bootstrap(Object(Illuminate\\Foundation\\Application))
#44 C:\\xampp\\htdocs\\freeluncer\\vendor\\laravel\\framework\\src\\Illuminate\\Foundation\\Http\\Kernel.php(176): Illuminate\\Foundation\\Application->bootstrapWith(Array)
#45 C:\\xampp\\htdocs\\freeluncer\\vendor\\laravel\\framework\\src\\Illuminate\\Foundation\\Http\\Kernel.php(160): Illuminate\\Foundation\\Http\\Kernel->bootstrap()
#46 C:\\xampp\\htdocs\\freeluncer\\vendor\\laravel\\framework\\src\\Illuminate\\Foundation\\Http\\Kernel.php(134): Illuminate\\Foundation\\Http\\Kernel->sendRequestThroughRouter(Object(Illuminate\\Http\\Request))
#47 C:\\xampp\\htdocs\\freeluncer\\index.php(52): Illuminate\\Foundation\\Http\\Kernel->handle(Object(Illuminate\\Http\\Request))
#48 {main}
"} 
[2024-11-26 07:34:31] local.ERROR: syntax error, unexpected token "<<" {"exception":"[object] (ParseError(code: 0): syntax error, unexpected token \"<<\" at C:\\xampp\\htdocs\\freeluncer\\app\\Http\\Livewire\\Main\\Auth\\RegisterComponent.php:133)
[stacktrace]
#0 C:\\xampp\\htdocs\\freeluncer\\vendor\\composer\\ClassLoader.php(427): Composer\\Autoload\\{closure}('C:\\\\xampp\\\\htdocs...')
#1 [internal function]: Composer\\Autoload\\ClassLoader->loadClass('App\\\\Http\\\\Livewi...')
#2 C:\\xampp\\htdocs\\freeluncer\\vendor\\laravel\\framework\\src\\Illuminate\\Routing\\RouteAction.php(91): method_exists('App\\\\Http\\\\Livewi...', '__invoke')
#3 C:\\xampp\\htdocs\\freeluncer\\vendor\\laravel\\framework\\src\\Illuminate\\Routing\\RouteAction.php(47): Illuminate\\Routing\\RouteAction::makeInvokable('App\\\\Http\\\\Livewi...')
#4 C:\\xampp\\htdocs\\freeluncer\\vendor\\laravel\\framework\\src\\Illuminate\\Routing\\Route.php(191): Illuminate\\Routing\\RouteAction::parse('auth/register', Array)
#5 C:\\xampp\\htdocs\\freeluncer\\vendor\\laravel\\framework\\src\\Illuminate\\Routing\\Route.php(172): Illuminate\\Routing\\Route->parseAction(Array)
#6 C:\\xampp\\htdocs\\freeluncer\\vendor\\laravel\\framework\\src\\Illuminate\\Routing\\Router.php(661): Illuminate\\Routing\\Route->__construct(Array, 'auth/register', Array)
#7 C:\\xampp\\htdocs\\freeluncer\\vendor\\laravel\\framework\\src\\Illuminate\\Routing\\Router.php(553): Illuminate\\Routing\\Router->newRoute(Array, 'auth/register', Array)
#8 C:\\xampp\\htdocs\\freeluncer\\vendor\\laravel\\framework\\src\\Illuminate\\Routing\\Router.php(533): Illuminate\\Routing\\Router->createRoute(Array, 'register', Array)
#9 C:\\xampp\\htdocs\\freeluncer\\vendor\\laravel\\framework\\src\\Illuminate\\Routing\\Router.php(150): Illuminate\\Routing\\Router->addRoute(Array, 'register', 'RegisterCompone...')
#10 C:\\xampp\\htdocs\\freeluncer\\vendor\\laravel\\framework\\src\\Illuminate\\Support\\Facades\\Facade.php(338): Illuminate\\Routing\\Router->get('register', 'RegisterCompone...')
#11 C:\\xampp\\htdocs\\freeluncer\\routes\\web.php(106): Illuminate\\Support\\Facades\\Facade::__callStatic('get', Array)
#12 C:\\xampp\\htdocs\\freeluncer\\vendor\\laravel\\framework\\src\\Illuminate\\Routing\\Router.php(501): Illuminate\\Routing\\RouteFileRegistrar->{closure}(Object(Illuminate\\Routing\\Router))
#13 C:\\xampp\\htdocs\\freeluncer\\vendor\\laravel\\framework\\src\\Illuminate\\Routing\\Router.php(457): Illuminate\\Routing\\Router->loadRoutes(Object(Closure))
#14 C:\\xampp\\htdocs\\freeluncer\\vendor\\laravel\\framework\\src\\Illuminate\\Routing\\RouteRegistrar.php(192): Illuminate\\Routing\\Router->group(Array, Object(Closure))
#15 C:\\xampp\\htdocs\\freeluncer\\routes\\web.php(103): Illuminate\\Routing\\RouteRegistrar->group(Object(Closure))
#16 C:\\xampp\\htdocs\\freeluncer\\vendor\\laravel\\framework\\src\\Illuminate\\Routing\\Router.php(501): Illuminate\\Routing\\RouteFileRegistrar->{closure}(Object(Illuminate\\Routing\\Router))
#17 C:\\xampp\\htdocs\\freeluncer\\vendor\\laravel\\framework\\src\\Illuminate\\Routing\\Router.php(457): Illuminate\\Routing\\Router->loadRoutes(Object(Closure))
#18 C:\\xampp\\htdocs\\freeluncer\\vendor\\laravel\\framework\\src\\Illuminate\\Routing\\RouteRegistrar.php(192): Illuminate\\Routing\\Router->group(Array, Object(Closure))
#19 C:\\xampp\\htdocs\\freeluncer\\routes\\web.php(30): Illuminate\\Routing\\RouteRegistrar->group(Object(Closure))
#20 C:\\xampp\\htdocs\\freeluncer\\vendor\\laravel\\framework\\src\\Illuminate\\Routing\\RouteFileRegistrar.php(35): require('C:\\\\xampp\\\\htdocs...')
#21 C:\\xampp\\htdocs\\freeluncer\\vendor\\laravel\\framework\\src\\Illuminate\\Routing\\Router.php(503): Illuminate\\Routing\\RouteFileRegistrar->register('C:\\\\xampp\\\\htdocs...')
#22 C:\\xampp\\htdocs\\freeluncer\\vendor\\laravel\\framework\\src\\Illuminate\\Routing\\Router.php(457): Illuminate\\Routing\\Router->loadRoutes('C:\\\\xampp\\\\htdocs...')
#23 C:\\xampp\\htdocs\\freeluncer\\vendor\\laravel\\framework\\src\\Illuminate\\Routing\\RouteRegistrar.php(192): Illuminate\\Routing\\Router->group(Array, 'C:\\\\xampp\\\\htdocs...')
#24 C:\\xampp\\htdocs\\freeluncer\\app\\Providers\\RouteServiceProvider.php(38): Illuminate\\Routing\\RouteRegistrar->group('C:\\\\xampp\\\\htdocs...')
#25 C:\\xampp\\htdocs\\freeluncer\\vendor\\laravel\\framework\\src\\Illuminate\\Container\\BoundMethod.php(36): App\\Providers\\RouteServiceProvider->App\\Providers\\{closure}()
#26 C:\\xampp\\htdocs\\freeluncer\\vendor\\laravel\\framework\\src\\Illuminate\\Container\\Util.php(41): Illuminate\\Container\\BoundMethod::Illuminate\\Container\\{closure}()
#27 C:\\xampp\\htdocs\\freeluncer\\vendor\\laravel\\framework\\src\\Illuminate\\Container\\BoundMethod.php(81): Illuminate\\Container\\Util::unwrapIfClosure(Object(Closure))
#28 C:\\xampp\\htdocs\\freeluncer\\vendor\\laravel\\framework\\src\\Illuminate\\Container\\BoundMethod.php(35): Illuminate\\Container\\BoundMethod::callBoundMethod(Object(Illuminate\\Foundation\\Application), Object(Closure), Object(Closure))
#29 C:\\xampp\\htdocs\\freeluncer\\vendor\\laravel\\framework\\src\\Illuminate\\Container\\Container.php(661): Illuminate\\Container\\BoundMethod::call(Object(Illuminate\\Foundation\\Application), Object(Closure), Array, NULL)
#30 C:\\xampp\\htdocs\\freeluncer\\vendor\\laravel\\framework\\src\\Illuminate\\Foundation\\Support\\Providers\\RouteServiceProvider.php(120): Illuminate\\Container\\Container->call(Object(Closure))
#31 C:\\xampp\\htdocs\\freeluncer\\vendor\\laravel\\framework\\src\\Illuminate\\Foundation\\Support\\Providers\\RouteServiceProvider.php(45): Illuminate\\Foundation\\Support\\Providers\\RouteServiceProvider->loadRoutes()
#32 C:\\xampp\\htdocs\\freeluncer\\vendor\\laravel\\framework\\src\\Illuminate\\Container\\BoundMethod.php(36): Illuminate\\Foundation\\Support\\Providers\\RouteServiceProvider->Illuminate\\Foundation\\Support\\Providers\\{closure}()
#33 C:\\xampp\\htdocs\\freeluncer\\vendor\\laravel\\framework\\src\\Illuminate\\Container\\Util.php(41): Illuminate\\Container\\BoundMethod::Illuminate\\Container\\{closure}()
#34 C:\\xampp\\htdocs\\freeluncer\\vendor\\laravel\\framework\\src\\Illuminate\\Container\\BoundMethod.php(81): Illuminate\\Container\\Util::unwrapIfClosure(Object(Closure))
#35 C:\\xampp\\htdocs\\freeluncer\\vendor\\laravel\\framework\\src\\Illuminate\\Container\\BoundMethod.php(35): Illuminate\\Container\\BoundMethod::callBoundMethod(Object(Illuminate\\Foundation\\Application), Object(Closure), Object(Closure))
#36 C:\\xampp\\htdocs\\freeluncer\\vendor\\laravel\\framework\\src\\Illuminate\\Container\\Container.php(661): Illuminate\\Container\\BoundMethod::call(Object(Illuminate\\Foundation\\Application), Object(Closure), Array, NULL)
#37 C:\\xampp\\htdocs\\freeluncer\\vendor\\laravel\\framework\\src\\Illuminate\\Support\\ServiceProvider.php(119): Illuminate\\Container\\Container->call(Object(Closure))
#38 C:\\xampp\\htdocs\\freeluncer\\vendor\\laravel\\framework\\src\\Illuminate\\Foundation\\Application.php(932): Illuminate\\Support\\ServiceProvider->callBootedCallbacks()
#39 C:\\xampp\\htdocs\\freeluncer\\vendor\\laravel\\framework\\src\\Illuminate\\Foundation\\Application.php(910): Illuminate\\Foundation\\Application->bootProvider(Object(App\\Providers\\RouteServiceProvider))
#40 [internal function]: Illuminate\\Foundation\\Application->Illuminate\\Foundation\\{closure}(Object(App\\Providers\\RouteServiceProvider), 53)
#41 C:\\xampp\\htdocs\\freeluncer\\vendor\\laravel\\framework\\src\\Illuminate\\Foundation\\Application.php(909): array_walk(Array, Object(Closure))
#42 C:\\xampp\\htdocs\\freeluncer\\vendor\\laravel\\framework\\src\\Illuminate\\Foundation\\Bootstrap\\BootProviders.php(17): Illuminate\\Foundation\\Application->boot()
#43 C:\\xampp\\htdocs\\freeluncer\\vendor\\laravel\\framework\\src\\Illuminate\\Foundation\\Application.php(242): Illuminate\\Foundation\\Bootstrap\\BootProviders->bootstrap(Object(Illuminate\\Foundation\\Application))
#44 C:\\xampp\\htdocs\\freeluncer\\vendor\\laravel\\framework\\src\\Illuminate\\Foundation\\Http\\Kernel.php(176): Illuminate\\Foundation\\Application->bootstrapWith(Array)
#45 C:\\xampp\\htdocs\\freeluncer\\vendor\\laravel\\framework\\src\\Illuminate\\Foundation\\Http\\Kernel.php(160): Illuminate\\Foundation\\Http\\Kernel->bootstrap()
#46 C:\\xampp\\htdocs\\freeluncer\\vendor\\laravel\\framework\\src\\Illuminate\\Foundation\\Http\\Kernel.php(134): Illuminate\\Foundation\\Http\\Kernel->sendRequestThroughRouter(Object(Illuminate\\Http\\Request))
#47 C:\\xampp\\htdocs\\freeluncer\\index.php(52): Illuminate\\Foundation\\Http\\Kernel->handle(Object(Illuminate\\Http\\Request))
#48 {main}
"} 
[2024-11-26 07:34:34] local.ERROR: syntax error, unexpected token "<<" {"exception":"[object] (ParseError(code: 0): syntax error, unexpected token \"<<\" at C:\\xampp\\htdocs\\freeluncer\\app\\Http\\Livewire\\Main\\Auth\\RegisterComponent.php:133)
[stacktrace]
#0 C:\\xampp\\htdocs\\freeluncer\\vendor\\composer\\ClassLoader.php(427): Composer\\Autoload\\{closure}('C:\\\\xampp\\\\htdocs...')
#1 [internal function]: Composer\\Autoload\\ClassLoader->loadClass('App\\\\Http\\\\Livewi...')
#2 C:\\xampp\\htdocs\\freeluncer\\vendor\\laravel\\framework\\src\\Illuminate\\Routing\\RouteAction.php(91): method_exists('App\\\\Http\\\\Livewi...', '__invoke')
#3 C:\\xampp\\htdocs\\freeluncer\\vendor\\laravel\\framework\\src\\Illuminate\\Routing\\RouteAction.php(47): Illuminate\\Routing\\RouteAction::makeInvokable('App\\\\Http\\\\Livewi...')
#4 C:\\xampp\\htdocs\\freeluncer\\vendor\\laravel\\framework\\src\\Illuminate\\Routing\\Route.php(191): Illuminate\\Routing\\RouteAction::parse('auth/register', Array)
#5 C:\\xampp\\htdocs\\freeluncer\\vendor\\laravel\\framework\\src\\Illuminate\\Routing\\Route.php(172): Illuminate\\Routing\\Route->parseAction(Array)
#6 C:\\xampp\\htdocs\\freeluncer\\vendor\\laravel\\framework\\src\\Illuminate\\Routing\\Router.php(661): Illuminate\\Routing\\Route->__construct(Array, 'auth/register', Array)
#7 C:\\xampp\\htdocs\\freeluncer\\vendor\\laravel\\framework\\src\\Illuminate\\Routing\\Router.php(553): Illuminate\\Routing\\Router->newRoute(Array, 'auth/register', Array)
#8 C:\\xampp\\htdocs\\freeluncer\\vendor\\laravel\\framework\\src\\Illuminate\\Routing\\Router.php(533): Illuminate\\Routing\\Router->createRoute(Array, 'register', Array)
#9 C:\\xampp\\htdocs\\freeluncer\\vendor\\laravel\\framework\\src\\Illuminate\\Routing\\Router.php(150): Illuminate\\Routing\\Router->addRoute(Array, 'register', 'RegisterCompone...')
#10 C:\\xampp\\htdocs\\freeluncer\\vendor\\laravel\\framework\\src\\Illuminate\\Support\\Facades\\Facade.php(338): Illuminate\\Routing\\Router->get('register', 'RegisterCompone...')
#11 C:\\xampp\\htdocs\\freeluncer\\routes\\web.php(106): Illuminate\\Support\\Facades\\Facade::__callStatic('get', Array)
#12 C:\\xampp\\htdocs\\freeluncer\\vendor\\laravel\\framework\\src\\Illuminate\\Routing\\Router.php(501): Illuminate\\Routing\\RouteFileRegistrar->{closure}(Object(Illuminate\\Routing\\Router))
#13 C:\\xampp\\htdocs\\freeluncer\\vendor\\laravel\\framework\\src\\Illuminate\\Routing\\Router.php(457): Illuminate\\Routing\\Router->loadRoutes(Object(Closure))
#14 C:\\xampp\\htdocs\\freeluncer\\vendor\\laravel\\framework\\src\\Illuminate\\Routing\\RouteRegistrar.php(192): Illuminate\\Routing\\Router->group(Array, Object(Closure))
#15 C:\\xampp\\htdocs\\freeluncer\\routes\\web.php(103): Illuminate\\Routing\\RouteRegistrar->group(Object(Closure))
#16 C:\\xampp\\htdocs\\freeluncer\\vendor\\laravel\\framework\\src\\Illuminate\\Routing\\Router.php(501): Illuminate\\Routing\\RouteFileRegistrar->{closure}(Object(Illuminate\\Routing\\Router))
#17 C:\\xampp\\htdocs\\freeluncer\\vendor\\laravel\\framework\\src\\Illuminate\\Routing\\Router.php(457): Illuminate\\Routing\\Router->loadRoutes(Object(Closure))
#18 C:\\xampp\\htdocs\\freeluncer\\vendor\\laravel\\framework\\src\\Illuminate\\Routing\\RouteRegistrar.php(192): Illuminate\\Routing\\Router->group(Array, Object(Closure))
#19 C:\\xampp\\htdocs\\freeluncer\\routes\\web.php(30): Illuminate\\Routing\\RouteRegistrar->group(Object(Closure))
#20 C:\\xampp\\htdocs\\freeluncer\\vendor\\laravel\\framework\\src\\Illuminate\\Routing\\RouteFileRegistrar.php(35): require('C:\\\\xampp\\\\htdocs...')
#21 C:\\xampp\\htdocs\\freeluncer\\vendor\\laravel\\framework\\src\\Illuminate\\Routing\\Router.php(503): Illuminate\\Routing\\RouteFileRegistrar->register('C:\\\\xampp\\\\htdocs...')
#22 C:\\xampp\\htdocs\\freeluncer\\vendor\\laravel\\framework\\src\\Illuminate\\Routing\\Router.php(457): Illuminate\\Routing\\Router->loadRoutes('C:\\\\xampp\\\\htdocs...')
#23 C:\\xampp\\htdocs\\freeluncer\\vendor\\laravel\\framework\\src\\Illuminate\\Routing\\RouteRegistrar.php(192): Illuminate\\Routing\\Router->group(Array, 'C:\\\\xampp\\\\htdocs...')
#24 C:\\xampp\\htdocs\\freeluncer\\app\\Providers\\RouteServiceProvider.php(38): Illuminate\\Routing\\RouteRegistrar->group('C:\\\\xampp\\\\htdocs...')
#25 C:\\xampp\\htdocs\\freeluncer\\vendor\\laravel\\framework\\src\\Illuminate\\Container\\BoundMethod.php(36): App\\Providers\\RouteServiceProvider->App\\Providers\\{closure}()
#26 C:\\xampp\\htdocs\\freeluncer\\vendor\\laravel\\framework\\src\\Illuminate\\Container\\Util.php(41): Illuminate\\Container\\BoundMethod::Illuminate\\Container\\{closure}()
#27 C:\\xampp\\htdocs\\freeluncer\\vendor\\laravel\\framework\\src\\Illuminate\\Container\\BoundMethod.php(81): Illuminate\\Container\\Util::unwrapIfClosure(Object(Closure))
#28 C:\\xampp\\htdocs\\freeluncer\\vendor\\laravel\\framework\\src\\Illuminate\\Container\\BoundMethod.php(35): Illuminate\\Container\\BoundMethod::callBoundMethod(Object(Illuminate\\Foundation\\Application), Object(Closure), Object(Closure))
#29 C:\\xampp\\htdocs\\freeluncer\\vendor\\laravel\\framework\\src\\Illuminate\\Container\\Container.php(661): Illuminate\\Container\\BoundMethod::call(Object(Illuminate\\Foundation\\Application), Object(Closure), Array, NULL)
#30 C:\\xampp\\htdocs\\freeluncer\\vendor\\laravel\\framework\\src\\Illuminate\\Foundation\\Support\\Providers\\RouteServiceProvider.php(120): Illuminate\\Container\\Container->call(Object(Closure))
#31 C:\\xampp\\htdocs\\freeluncer\\vendor\\laravel\\framework\\src\\Illuminate\\Foundation\\Support\\Providers\\RouteServiceProvider.php(45): Illuminate\\Foundation\\Support\\Providers\\RouteServiceProvider->loadRoutes()
#32 C:\\xampp\\htdocs\\freeluncer\\vendor\\laravel\\framework\\src\\Illuminate\\Container\\BoundMethod.php(36): Illuminate\\Foundation\\Support\\Providers\\RouteServiceProvider->Illuminate\\Foundation\\Support\\Providers\\{closure}()
#33 C:\\xampp\\htdocs\\freeluncer\\vendor\\laravel\\framework\\src\\Illuminate\\Container\\Util.php(41): Illuminate\\Container\\BoundMethod::Illuminate\\Container\\{closure}()
#34 C:\\xampp\\htdocs\\freeluncer\\vendor\\laravel\\framework\\src\\Illuminate\\Container\\BoundMethod.php(81): Illuminate\\Container\\Util::unwrapIfClosure(Object(Closure))
#35 C:\\xampp\\htdocs\\freeluncer\\vendor\\laravel\\framework\\src\\Illuminate\\Container\\BoundMethod.php(35): Illuminate\\Container\\BoundMethod::callBoundMethod(Object(Illuminate\\Foundation\\Application), Object(Closure), Object(Closure))
#36 C:\\xampp\\htdocs\\freeluncer\\vendor\\laravel\\framework\\src\\Illuminate\\Container\\Container.php(661): Illuminate\\Container\\BoundMethod::call(Object(Illuminate\\Foundation\\Application), Object(Closure), Array, NULL)
#37 C:\\xampp\\htdocs\\freeluncer\\vendor\\laravel\\framework\\src\\Illuminate\\Support\\ServiceProvider.php(119): Illuminate\\Container\\Container->call(Object(Closure))
#38 C:\\xampp\\htdocs\\freeluncer\\vendor\\laravel\\framework\\src\\Illuminate\\Foundation\\Application.php(932): Illuminate\\Support\\ServiceProvider->callBootedCallbacks()
#39 C:\\xampp\\htdocs\\freeluncer\\vendor\\laravel\\framework\\src\\Illuminate\\Foundation\\Application.php(910): Illuminate\\Foundation\\Application->bootProvider(Object(App\\Providers\\RouteServiceProvider))
#40 [internal function]: Illuminate\\Foundation\\Application->Illuminate\\Foundation\\{closure}(Object(App\\Providers\\RouteServiceProvider), 53)
#41 C:\\xampp\\htdocs\\freeluncer\\vendor\\laravel\\framework\\src\\Illuminate\\Foundation\\Application.php(909): array_walk(Array, Object(Closure))
#42 C:\\xampp\\htdocs\\freeluncer\\vendor\\laravel\\framework\\src\\Illuminate\\Foundation\\Bootstrap\\BootProviders.php(17): Illuminate\\Foundation\\Application->boot()
#43 C:\\xampp\\htdocs\\freeluncer\\vendor\\laravel\\framework\\src\\Illuminate\\Foundation\\Application.php(242): Illuminate\\Foundation\\Bootstrap\\BootProviders->bootstrap(Object(Illuminate\\Foundation\\Application))
#44 C:\\xampp\\htdocs\\freeluncer\\vendor\\laravel\\framework\\src\\Illuminate\\Foundation\\Http\\Kernel.php(176): Illuminate\\Foundation\\Application->bootstrapWith(Array)
#45 C:\\xampp\\htdocs\\freeluncer\\vendor\\laravel\\framework\\src\\Illuminate\\Foundation\\Http\\Kernel.php(160): Illuminate\\Foundation\\Http\\Kernel->bootstrap()
#46 C:\\xampp\\htdocs\\freeluncer\\vendor\\laravel\\framework\\src\\Illuminate\\Foundation\\Http\\Kernel.php(134): Illuminate\\Foundation\\Http\\Kernel->sendRequestThroughRouter(Object(Illuminate\\Http\\Request))
#47 C:\\xampp\\htdocs\\freeluncer\\index.php(52): Illuminate\\Foundation\\Http\\Kernel->handle(Object(Illuminate\\Http\\Request))
#48 {main}
"} 
